build/src/platforms/android/build/outputs/logs/manifest-merger-debug-report.txt
-- Merging decision tree log ---
manifest
ADDED from platforms\android\AndroidManifest.xml:2:1-117:12
	package
		ADDED from platforms\android\AndroidManifest.xml:2:103-129
	android:versionName
		ADDED from platforms\android\AndroidManifest.xml:2:74-102
		INJECTED from platforms\android\AndroidManifest.xml
		INJECTED from platforms\android\AndroidManifest.xml
	android:hardwareAccelerated
		ADDED from platforms\android\AndroidManifest.xml:2:11-45
	android:versionCode
		ADDED from platforms\android\AndroidManifest.xml:2:46-73
		INJECTED from platforms\android\AndroidManifest.xml
		INJECTED from platforms\android\AndroidManifest.xml
	xmlns:android
		ADDED from platforms\android\AndroidManifest.xml:2:130-188
supports-screens
ADDED from platforms\android\AndroidManifest.xml:3:5-191
	android:largeScreens
		ADDED from platforms\android\AndroidManifest.xml:3:49-76
	android:smallScreens
		ADDED from platforms\android\AndroidManifest.xml:3:132-159
	android:normalScreens
		ADDED from platforms\android\AndroidManifest.xml:3:77-105
	android:xlargeScreens
		ADDED from platforms\android\AndroidManifest.xml:3:160-188
	android:resizeable
		ADDED from platforms\android\AndroidManifest.xml:3:106-131
	android:anyDensity
		ADDED from platforms\android\AndroidManifest.xml:3:23-48
uses-permission#android.permission.INTERNET
ADDED from platforms\android\AndroidManifest.xml:4:5-67
	android:name
		ADDED from platforms\android\AndroidManifest.xml:4:22-64
uses-permission#android.permission.ACCESS_NETWORK_STATE
ADDED from platforms\android\AndroidManifest.xml:5:5-79
	android:name
		ADDED from platforms\android\AndroidManifest.xml:5:22-76
uses-permission#android.permission.ACCESS_WIFI_STATE
ADDED from platforms\android\AndroidManifest.xml:6:5-76
	android:name
		ADDED from platforms\android\AndroidManifest.xml:6:22-73
application
ADDED from platforms\android\AndroidManifest.xml:7:5-95:19
MERGED from [android:JustepGetContent:unspecified] AndroidManifest.xml:11:5-40:19
MERGED from [com.android.support:appcompat-v7:22.2.0] AndroidManifest.xml:22:5-20
MERGED from [com.android.support:support-v4:22.2.0] AndroidManifest.xml:22:5-20
	android:label
		ADDED from platforms\android\AndroidManifest.xml:7:83-115
	android:supportsRtl
		ADDED from platforms\android\AndroidManifest.xml:7:116-142
	android:hardwareAccelerated
		ADDED from platforms\android\AndroidManifest.xml:7:18-52
	android:icon
		ADDED from platforms\android\AndroidManifest.xml:7:53-82
activity#com.wex5.takeout.MainActivity
ADDED from platforms\android\AndroidManifest.xml:8:9-18:20
	android:label
		ADDED from platforms\android\AndroidManifest.xml:8:97-134
	android:launchMode
		ADDED from platforms\android\AndroidManifest.xml:8:135-165
	android:windowSoftInputMode
		ADDED from platforms\android\AndroidManifest.xml:8:248-290
	android:configChanges
		ADDED from platforms\android\AndroidManifest.xml:8:19-96
	android:theme
		ADDED from platforms\android\AndroidManifest.xml:8:194-247
	android:name
		ADDED from platforms\android\AndroidManifest.xml:8:166-193
intent-filter#android.intent.action.MAIN+android.intent.category.LAUNCHER
ADDED from platforms\android\AndroidManifest.xml:9:13-12:29
	android:label
		ADDED from platforms\android\AndroidManifest.xml:9:28-65
action#android.intent.action.MAIN
ADDED from platforms\android\AndroidManifest.xml:10:17-69
	android:name
		ADDED from platforms\android\AndroidManifest.xml:10:25-66
category#android.intent.category.LAUNCHER
ADDED from platforms\android\AndroidManifest.xml:11:17-77
	android:name
		ADDED from platforms\android\AndroidManifest.xml:11:27-74
intent-filter#android.intent.action.VIEW+android.intent.category.DEFAULT
ADDED from platforms\android\AndroidManifest.xml:13:13-17:29
action#android.intent.action.VIEW
ADDED from platforms\android\AndroidManifest.xml:14:17-69
	android:name
		ADDED from platforms\android\AndroidManifest.xml:14:25-66
category#android.intent.category.DEFAULT
ADDED from platforms\android\AndroidManifest.xml:15:17-76
	android:name
		ADDED from platforms\android\AndroidManifest.xml:15:27-73
data
ADDED from platforms\android\AndroidManifest.xml:16:17-61
	android:scheme
		ADDED from platforms\android\AndroidManifest.xml:16:23-58
activity#com.justep.x5.support.video.record.CameraActivity
ADDED from platforms\android\AndroidManifest.xml:19:9-24:20
MERGED from [android:JustepGetContent:unspecified] AndroidManifest.xml:14:9-22:20
	android:configChanges
		ADDED from platforms\android\AndroidManifest.xml:19:19-96
	android:theme
		ADDED from platforms\android\AndroidManifest.xml:19:162-215
	android:name
		ADDED from platforms\android\AndroidManifest.xml:19:97-161
intent-filter#android.intent.category.DEFAULT+com.justep.x5.video.record
ADDED from platforms\android\AndroidManifest.xml:20:13-23:29
action#com.justep.x5.video.record
ADDED from platforms\android\AndroidManifest.xml:21:17-69
	android:name
		ADDED from platforms\android\AndroidManifest.xml:21:25-66
activity#com.justep.x5.support.chooser.FileUploadChooserActivity
ADDED from platforms\android\AndroidManifest.xml:25:9-32:20
MERGED from [android:JustepGetContent:unspecified] AndroidManifest.xml:23:9-35:20
	android:configChanges
		ADDED from platforms\android\AndroidManifest.xml:25:19-96
	android:theme
		ADDED from platforms\android\AndroidManifest.xml:25:168-213
	android:name
		ADDED from platforms\android\AndroidManifest.xml:25:97-167
intent-filter#android.intent.category.DEFAULT+android.intent.category.OPENABLE+android.intent.justep.X5_GET_CONTENT
ADDED from platforms\android\AndroidManifest.xml:26:13-31:29
action#android.intent.justep.X5_GET_CONTENT
ADDED from platforms\android\AndroidManifest.xml:27:17-79
	android:name
		ADDED from platforms\android\AndroidManifest.xml:27:25-76
category#android.intent.category.OPENABLE
ADDED from platforms\android\AndroidManifest.xml:28:17-77
	android:name
		ADDED from platforms\android\AndroidManifest.xml:28:27-74
activity#com.wex5.takeout.wxapi.WXPayEntryActivity
ADDED from platforms\android\AndroidManifest.xml:33:9-117
	android:launchMode
		ADDED from platforms\android\AndroidManifest.xml:33:43-73
	android:exported
		ADDED from platforms\android\AndroidManifest.xml:33:19-42
	android:name
		ADDED from platforms\android\AndroidManifest.xml:33:74-114
activity#com.wex5.takeout.wxapi.WXEntryActivity
ADDED from platforms\android\AndroidManifest.xml:34:9-114
	android:launchMode
		ADDED from platforms\android\AndroidManifest.xml:34:43-73
	android:exported
		ADDED from platforms\android\AndroidManifest.xml:34:19-42
	android:name
		ADDED from platforms\android\AndroidManifest.xml:34:74-111
receiver#net.sourceforge.simcpux.AppRegister
ADDED from platforms\android\AndroidManifest.xml:35:9-39:20
	android:name
		ADDED from platforms\android\AndroidManifest.xml:35:19-69
intent-filter#com.tencent.mm.plugin.openapi.Intent.ACTION_REFRESH_WXAPP
ADDED from platforms\android\AndroidManifest.xml:36:13-38:29
action#com.tencent.mm.plugin.openapi.Intent.ACTION_REFRESH_WXAPP
ADDED from platforms\android\AndroidManifest.xml:37:17-100
	android:name
		ADDED from platforms\android\AndroidManifest.xml:37:25-97
activity#cn.jpush.android.ui.PushActivity
ADDED from platforms\android\AndroidManifest.xml:40:9-46:20
	android:configChanges
		ADDED from platforms\android\AndroidManifest.xml:40:19-69
	android:theme
		ADDED from platforms\android\AndroidManifest.xml:40:118-177
	android:name
		ADDED from platforms\android\AndroidManifest.xml:40:70-117
intent-filter#android.intent.category.DEFAULT+cn.jpush.android.ui.PushActivity+com.wex5.takeout
ADDED from platforms\android\AndroidManifest.xml:41:13-45:29
action#cn.jpush.android.ui.PushActivity
ADDED from platforms\android\AndroidManifest.xml:42:17-75
	android:name
		ADDED from platforms\android\AndroidManifest.xml:42:25-72
category#com.wex5.takeout
ADDED from platforms\android\AndroidManifest.xml:44:17-61
	android:name
		ADDED from platforms\android\AndroidManifest.xml:44:27-58
activity#cn.jpush.android.ui.PopWinActivity
ADDED from platforms\android\AndroidManifest.xml:47:9-133
	android:exported
		ADDED from platforms\android\AndroidManifest.xml:47:19-43
	android:theme
		ADDED from platforms\android\AndroidManifest.xml:47:94-130
	android:name
		ADDED from platforms\android\AndroidManifest.xml:47:44-93
service#cn.jpush.android.service.DownloadService
ADDED from platforms\android\AndroidManifest.xml:48:9-124
	android:enabled
		ADDED from platforms\android\AndroidManifest.xml:48:18-40
	android:exported
		ADDED from platforms\android\AndroidManifest.xml:48:41-65
	android:name
		ADDED from platforms\android\AndroidManifest.xml:48:66-121
service#cn.jpush.android.service.PushService
ADDED from platforms\android\AndroidManifest.xml:49:9-56:19
	android:enabled
		ADDED from platforms\android\AndroidManifest.xml:49:18-40
	android:exported
		ADDED from platforms\android\AndroidManifest.xml:49:41-65
	android:name
		ADDED from platforms\android\AndroidManifest.xml:49:66-117
intent-filter#cn.jpush.android.intent.PUSH_TIME+cn.jpush.android.intent.PushService+cn.jpush.android.intent.REGISTER+cn.jpush.android.intent.REPORT
ADDED from platforms\android\AndroidManifest.xml:50:13-55:29
action#cn.jpush.android.intent.REGISTER
ADDED from platforms\android\AndroidManifest.xml:51:17-75
	android:name
		ADDED from platforms\android\AndroidManifest.xml:51:25-72
action#cn.jpush.android.intent.REPORT
ADDED from platforms\android\AndroidManifest.xml:52:17-73
	android:name
		ADDED from platforms\android\AndroidManifest.xml:52:25-70
action#cn.jpush.android.intent.PushService
ADDED from platforms\android\AndroidManifest.xml:53:17-78
	android:name
		ADDED from platforms\android\AndroidManifest.xml:53:25-75
action#cn.jpush.android.intent.PUSH_TIME
ADDED from platforms\android\AndroidManifest.xml:54:17-76
	android:name
		ADDED from platforms\android\AndroidManifest.xml:54:25-73
receiver#cn.jpush.android.service.PushReceiver
ADDED from platforms\android\AndroidManifest.xml:57:9-71:20
	android:enabled
		ADDED from platforms\android\AndroidManifest.xml:57:19-41
	android:name
		ADDED from platforms\android\AndroidManifest.xml:57:42-94
intent-filter#cn.jpush.android.intent.NOTIFICATION_RECEIVED_PROXY+com.wex5.takeout
ADDED from platforms\android\AndroidManifest.xml:58:13-61:29
	android:priority
		ADDED from platforms\android\AndroidManifest.xml:58:28-51
action#cn.jpush.android.intent.NOTIFICATION_RECEIVED_PROXY
ADDED from platforms\android\AndroidManifest.xml:59:17-94
	android:name
		ADDED from platforms\android\AndroidManifest.xml:59:25-91
intent-filter#android.intent.action.USER_PRESENT+android.net.conn.CONNECTIVITY_CHANGE
ADDED from platforms\android\AndroidManifest.xml:62:13-65:29
action#android.intent.action.USER_PRESENT
ADDED from platforms\android\AndroidManifest.xml:63:17-77
	android:name
		ADDED from platforms\android\AndroidManifest.xml:63:25-74
action#android.net.conn.CONNECTIVITY_CHANGE
ADDED from platforms\android\AndroidManifest.xml:64:17-79
	android:name
		ADDED from platforms\android\AndroidManifest.xml:64:25-76
intent-filter#android.intent.action.PACKAGE_ADDED+android.intent.action.PACKAGE_REMOVED
ADDED from platforms\android\AndroidManifest.xml:66:13-70:29
action#android.intent.action.PACKAGE_ADDED
ADDED from platforms\android\AndroidManifest.xml:67:17-78
	android:name
		ADDED from platforms\android\AndroidManifest.xml:67:25-75
action#android.intent.action.PACKAGE_REMOVED
ADDED from platforms\android\AndroidManifest.xml:68:17-80
	android:name
		ADDED from platforms\android\AndroidManifest.xml:68:25-77
receiver#cn.jpush.phonegap.MyReceiver
ADDED from platforms\android\AndroidManifest.xml:72:9-86:20
	android:enabled
		ADDED from platforms\android\AndroidManifest.xml:72:19-41
	android:name
		ADDED from platforms\android\AndroidManifest.xml:72:42-85
intent-filter#cn.jpush.android.intent.ACTION_RICHPUSH_CALLBACK+cn.jpush.android.intent.MESSAGE_RECEIVED+cn.jpush.android.intent.NOTIFICATION_OPENED+cn.jpush.android.intent.NOTIFICATION_RECEIVED+cn.jpush.android.intent.REGISTRATION+cn.jpush.android.intent.UNREGISTRATION+com.wex5.takeout
ADDED from platforms\android\AndroidManifest.xml:77:13-85:29
action#cn.jpush.android.intent.REGISTRATION
ADDED from platforms\android\AndroidManifest.xml:78:17-79
	android:name
		ADDED from platforms\android\AndroidManifest.xml:78:25-76
action#cn.jpush.android.intent.UNREGISTRATION
ADDED from platforms\android\AndroidManifest.xml:79:17-81
	android:name
		ADDED from platforms\android\AndroidManifest.xml:79:25-78
action#cn.jpush.android.intent.MESSAGE_RECEIVED
ADDED from platforms\android\AndroidManifest.xml:80:17-83
	android:name
		ADDED from platforms\android\AndroidManifest.xml:80:25-80
action#cn.jpush.android.intent.NOTIFICATION_RECEIVED
ADDED from platforms\android\AndroidManifest.xml:81:17-88
	android:name
		ADDED from platforms\android\AndroidManifest.xml:81:25-85
action#cn.jpush.android.intent.NOTIFICATION_OPENED
ADDED from platforms\android\AndroidManifest.xml:82:17-86
	android:name
		ADDED from platforms\android\AndroidManifest.xml:82:25-83
action#cn.jpush.android.intent.ACTION_RICHPUSH_CALLBACK
ADDED from platforms\android\AndroidManifest.xml:83:17-91
	android:name
		ADDED from platforms\android\AndroidManifest.xml:83:25-88
receiver#cn.jpush.android.service.AlarmReceiver
ADDED from platforms\android\AndroidManifest.xml:87:9-75
	android:name
		ADDED from platforms\android\AndroidManifest.xml:87:19-72
meta-data#JPUSH_CHANNEL
ADDED from platforms\android\AndroidManifest.xml:88:9-85
	android:value
		ADDED from platforms\android\AndroidManifest.xml:88:49-82
	android:name
		ADDED from platforms\android\AndroidManifest.xml:88:20-48
meta-data#JPUSH_APPKEY
ADDED from platforms\android\AndroidManifest.xml:89:9-91
	android:value
		ADDED from platforms\android\AndroidManifest.xml:89:48-88
	android:name
		ADDED from platforms\android\AndroidManifest.xml:89:20-47
activity#com.unionpay.uppay.PayActivity
ADDED from platforms\android\AndroidManifest.xml:90:9-67
	android:name
		ADDED from platforms\android\AndroidManifest.xml:90:19-64
activity#com.alipay.sdk.app.H5PayActivity
ADDED from platforms\android\AndroidManifest.xml:91:9-246
	android:screenOrientation
		ADDED from platforms\android\AndroidManifest.xml:91:154-188
	android:exported
		ADDED from platforms\android\AndroidManifest.xml:91:81-105
	android:windowSoftInputMode
		ADDED from platforms\android\AndroidManifest.xml:91:189-243
	android:configChanges
		ADDED from platforms\android\AndroidManifest.xml:91:19-80
	android:name
		ADDED from platforms\android\AndroidManifest.xml:91:106-153
activity#me.apla.cordova.AppPreferencesActivity
ADDED from platforms\android\AndroidManifest.xml:92:9-75
	android:name
		ADDED from platforms\android\AndroidManifest.xml:92:19-72
meta-data#com.baidu.lbsapi.API_KEY
ADDED from platforms\android\AndroidManifest.xml:93:9-103
	android:value
		ADDED from platforms\android\AndroidManifest.xml:93:60-100
	android:name
		ADDED from platforms\android\AndroidManifest.xml:93:20-59
service#com.baidu.location.f
ADDED from platforms\android\AndroidManifest.xml:94:9-105
	android:enabled
		ADDED from platforms\android\AndroidManifest.xml:94:18-40
	android:process
		ADDED from platforms\android\AndroidManifest.xml:94:77-102
	android:name
		ADDED from platforms\android\AndroidManifest.xml:94:41-76
uses-sdk
ADDED from platforms\android\AndroidManifest.xml:96:5-74
MERGED from [android:CordovaLib:unspecified:debug] AndroidManifest.xml:25:5-44
MERGED from [android:JustepGetContent:unspecified] AndroidManifest.xml:7:5-9:41
MERGED from [com.android.support:appcompat-v7:22.2.0] AndroidManifest.xml:20:5-43
MERGED from [com.android.support:support-v4:22.2.0] AndroidManifest.xml:20:5-43
	android:targetSdkVersion
		ADDED from platforms\android\AndroidManifest.xml:96:42-71
	android:minSdkVersion
		ADDED from platforms\android\AndroidManifest.xml:96:15-41
uses-permission#android.permission.CAMERA
ADDED from platforms\android\AndroidManifest.xml:97:5-98:23
	android:name
		ADDED from platforms\android\AndroidManifest.xml:97:22-62
uses-permission#android.permission.RECORD_AUDIO
ADDED from platforms\android\AndroidManifest.xml:99:5-100:23
	android:name
		ADDED from platforms\android\AndroidManifest.xml:99:22-68
uses-permission#android.permission.WRITE_EXTERNAL_STORAGE
ADDED from platforms\android\AndroidManifest.xml:101:5-102:23
	android:name
		ADDED from platforms\android\AndroidManifest.xml:101:22-78
uses-permission#android.permission.READ_PHONE_STATE
ADDED from platforms\android\AndroidManifest.xml:103:5-75
	android:name
		ADDED from platforms\android\AndroidManifest.xml:103:22-72
uses-permission#com.wex5.takeout.permission.JPUSH_MESSAGE
ADDED from platforms\android\AndroidManifest.xml:104:5-81
	android:name
		ADDED from platforms\android\AndroidManifest.xml:104:22-78
uses-permission#android.permission.RECEIVE_USER_PRESENT
ADDED from platforms\android\AndroidManifest.xml:105:5-79
	android:name
		ADDED from platforms\android\AndroidManifest.xml:105:22-76
uses-permission#android.permission.WAKE_LOCK
ADDED from platforms\android\AndroidManifest.xml:106:5-68
	android:name
		ADDED from platforms\android\AndroidManifest.xml:106:22-65
uses-permission#android.permission.READ_EXTERNAL_STORAGE
ADDED from platforms\android\AndroidManifest.xml:107:5-80
	android:name
		ADDED from platforms\android\AndroidManifest.xml:107:22-77
uses-permission#android.permission.VIBRATE
ADDED from platforms\android\AndroidManifest.xml:108:5-66
	android:name
		ADDED from platforms\android\AndroidManifest.xml:108:22-63
uses-permission#android.permission.MOUNT_UNMOUNT_FILESYSTEMS
ADDED from platforms\android\AndroidManifest.xml:109:5-84
	android:name
		ADDED from platforms\android\AndroidManifest.xml:109:22-81
uses-permission#android.permission.SYSTEM_ALERT_WINDOW
ADDED from platforms\android\AndroidManifest.xml:110:5-78
	android:name
		ADDED from platforms\android\AndroidManifest.xml:110:22-75
uses-permission#android.permission.WRITE_SETTINGS
ADDED from platforms\android\AndroidManifest.xml:111:5-73
	android:name
		ADDED from platforms\android\AndroidManifest.xml:111:22-70
permission#com.wex5.takeout.permission.JPUSH_MESSAGE
ADDED from platforms\android\AndroidManifest.xml:112:5-112
	android:protectionLevel
		ADDED from platforms\android\AndroidManifest.xml:112:74-109
	android:name
		ADDED from platforms\android\AndroidManifest.xml:112:17-73
uses-permission#android.permission.ACCESS_COARSE_LOCATION
ADDED from platforms\android\AndroidManifest.xml:113:5-81
	android:name
		ADDED from platforms\android\AndroidManifest.xml:113:22-78
uses-permission#android.permission.ACCESS_FINE_LOCATION
ADDED from platforms\android\AndroidManifest.xml:114:5-79
	android:name
		ADDED from platforms\android\AndroidManifest.xml:114:22-76
uses-permission#android.permission.CHANGE_WIFI_STATE
ADDED from platforms\android\AndroidManifest.xml:115:5-76
	android:name
		ADDED from platforms\android\AndroidManifest.xml:115:22-73
uses-permission#android.permission.READ_LOGS
ADDED from platforms\android\AndroidManifest.xml:116:5-68
	android:name
		ADDED from platforms\android\AndroidManifest.xml:116:22-65
activity#com.justep.x5.support.media.AudioHandler
ADDED from [android:JustepGetContent:unspecified] AndroidManifest.xml:36:9-39:83
	android:screenOrientation
		ADDED from [android:JustepGetContent:unspecified] AndroidManifest.xml:38:13-49
	android:theme
		ADDED from [android:JustepGetContent:unspecified] AndroidManifest.xml:39:13-80
	android:name
		ADDED from [android:JustepGetContent:unspecified] AndroidManifest.xml:37:13-68